<?xml version="1.0" encoding="UTF-8"?>
<testng-results ignored="0" total="3" passed="3" failed="0" skipped="0">
  <reporter-output>
  </reporter-output>
  <suite started-at="2021-10-25T08:31:44Z" name="Default suite" finished-at="2021-10-25T08:33:10Z" duration-ms="86162">
    <groups>
      <group name="cucumber">
        <method signature="AbstractTestNGCucumberTests.runScenario(io.cucumber.testng.PickleWrapper, io.cucumber.testng.FeatureWrapper)[pri:0, instance:testRunners.TestRunner@68702e03]" name="runScenario" class="io.cucumber.testng.AbstractTestNGCucumberTests"/>
      </group> <!-- cucumber -->
    </groups>
    <test started-at="2021-10-25T08:31:44Z" name="Default test" finished-at="2021-10-25T08:33:10Z" duration-ms="86162">
      <class name="testRunners.TestRunner">
        <test-method is-config="true" signature="setUpClass()[pri:0, instance:testRunners.TestRunner@68702e03]" started-at="2021-10-25T08:31:44Z" name="setUpClass" finished-at="2021-10-25T08:31:45Z" duration-ms="1893" status="PASS">
          <reporter-output>
          </reporter-output>
        </test-method> <!-- setUpClass -->
        <test-method signature="runScenario(io.cucumber.testng.PickleWrapper, io.cucumber.testng.FeatureWrapper)[pri:0, instance:testRunners.TestRunner@68702e03]" started-at="2021-10-25T08:31:45Z" name="runScenario" description="Runs Cucumber Scenarios" data-provider="scenarios" finished-at="2021-10-25T08:32:29Z" duration-ms="43186" status="PASS">
          <params>
            <param index="0">
              <value>
                <![CDATA["Verify User Access"]]>
              </value>
            </param>
            <param index="1">
              <value>
                <![CDATA["Optional[Sample_App_Login]"]]>
              </value>
            </param>
          </params>
          <reporter-output>
          </reporter-output>
        </test-method> <!-- runScenario -->
        <test-method signature="runScenario(io.cucumber.testng.PickleWrapper, io.cucumber.testng.FeatureWrapper)[pri:0, instance:testRunners.TestRunner@68702e03]" started-at="2021-10-25T08:32:29Z" name="runScenario" description="Runs Cucumber Scenarios" data-provider="scenarios" finished-at="2021-10-25T08:32:48Z" duration-ms="19817" status="PASS">
          <params>
            <param index="0">
              <value>
                <![CDATA["Verify User Access"]]>
              </value>
            </param>
            <param index="1">
              <value>
                <![CDATA["Optional[Sample_App_Login]"]]>
              </value>
            </param>
          </params>
          <reporter-output>
          </reporter-output>
        </test-method> <!-- runScenario -->
        <test-method signature="runScenario(io.cucumber.testng.PickleWrapper, io.cucumber.testng.FeatureWrapper)[pri:0, instance:testRunners.TestRunner@68702e03]" started-at="2021-10-25T08:32:48Z" name="runScenario" description="Runs Cucumber Scenarios" data-provider="scenarios" finished-at="2021-10-25T08:33:08Z" duration-ms="19947" status="PASS">
          <params>
            <param index="0">
              <value>
                <![CDATA["Add Items to cart"]]>
              </value>
            </param>
            <param index="1">
              <value>
                <![CDATA["Optional[Sample_App_Login]"]]>
              </value>
            </param>
          </params>
          <reporter-output>
          </reporter-output>
        </test-method> <!-- runScenario -->
        <test-method is-config="true" signature="afterClass()[pri:0, instance:testRunners.TestRunner@68702e03]" started-at="2021-10-25T08:33:08Z" name="afterClass" finished-at="2021-10-25T08:33:08Z" duration-ms="2" status="PASS">
          <reporter-output>
          </reporter-output>
        </test-method> <!-- afterClass -->
        <test-method is-config="true" signature="tearDownClass()[pri:0, instance:testRunners.TestRunner@68702e03]" started-at="2021-10-25T08:33:08Z" name="tearDownClass" finished-at="2021-10-25T08:33:10Z" duration-ms="1221" status="PASS">
          <reporter-output>
          </reporter-output>
        </test-method> <!-- tearDownClass -->
      </class> <!-- testRunners.TestRunner -->
    </test> <!-- Default test -->
  </suite> <!-- Default suite -->
</testng-results>
